<?xml version="1.0" encoding="UTF-8"?>
<testng-results ignored="0" total="1" passed="1" failed="0" skipped="0">
  <reporter-output>
  </reporter-output>
  <suite started-at="2022-06-14T07:30:59 EDT" name="Default suite" finished-at="2022-06-14T07:31:09 EDT" duration-ms="10005">
    <groups>
    </groups>
    <test started-at="2022-06-14T07:30:59 EDT" name="Default test" finished-at="2022-06-14T07:31:09 EDT" duration-ms="10005">
      <class name="pojo.GetUserWithPojo">
        <test-method signature="getUserDataWithPojo()[pri:0, instance:pojo.GetUserWithPojo@49b0b76]" started-at="2022-06-14T07:30:59 EDT" name="getUserDataWithPojo" finished-at="2022-06-14T07:31:09 EDT" duration-ms="9962" status="PASS">
          <reporter-output>
          </reporter-output>
        </test-method> <!-- getUserDataWithPojo -->
      </class> <!-- pojo.GetUserWithPojo -->
    </test> <!-- Default test -->
  </suite> <!-- Default suite -->
</testng-results>
